[0.980s] DEBUG:colcon:Command line arguments: ['/usr/bin/colcon', 'build', '--symlink-install', '--cmake-args', '-DCMAKE_BUILD_TYPE=RelWithDebInfo']
[0.981s] DEBUG:colcon:Parsed command line arguments: Namespace(log_base=None, log_level=None, verb_name='build', build_base='build', install_base='install', merge_install=False, symlink_install=True, test_result_base=None, continue_on_error=False, executor='parallel', parallel_workers=8, event_handlers=None, ignore_user_meta=False, metas=['./colcon.meta'], base_paths=['.'], packages_ignore=None, packages_ignore_regex=None, paths=None, packages_up_to=None, packages_up_to_regex=None, packages_above=None, packages_above_and_dependencies=None, packages_above_depth=None, packages_select_by_dep=None, packages_skip_by_dep=None, packages_skip_up_to=None, packages_select_build_failed=False, packages_skip_build_finished=False, packages_select_test_failures=False, packages_skip_test_passed=False, packages_select=None, packages_skip=None, packages_select_regex=None, packages_skip_regex=None, packages_start=None, packages_end=None, cmake_args=['-DCMAKE_BUILD_TYPE=RelWithDebInfo'], cmake_target=None, cmake_target_skip_unavailable=False, cmake_clean_cache=False, cmake_clean_first=False, cmake_force_configure=False, ament_cmake_args=None, catkin_cmake_args=None, catkin_skip_building_tests=False, mixin_files=None, mixin=None, verb_parser=<colcon_mixin.mixin.mixin_argument.MixinArgumentDecorator object at 0x7ce5a3a4fca0>, verb_extension=<colcon_core.verb.build.BuildVerb object at 0x7ce5a3a4f2b0>, main=<bound method BuildVerb.main of <colcon_core.verb.build.BuildVerb object at 0x7ce5a3a4f2b0>>, mixin_verb=('build',))
[1.911s] Level 1:colcon.colcon_core.package_discovery:discover_packages(colcon_meta) check parameters
[1.912s] Level 1:colcon.colcon_core.package_discovery:discover_packages(recursive) check parameters
[1.912s] Level 1:colcon.colcon_core.package_discovery:discover_packages(ignore) check parameters
[1.912s] Level 1:colcon.colcon_core.package_discovery:discover_packages(path) check parameters
[1.912s] Level 1:colcon.colcon_core.package_discovery:discover_packages(colcon_meta) discover
[1.912s] Level 1:colcon.colcon_core.package_discovery:discover_packages(recursive) discover
[1.913s] INFO:colcon.colcon_core.package_discovery:Crawling recursively for packages in '/ros2_ws'
[1.913s] Level 1:colcon.colcon_core.package_identification:_identify(.) by extensions ['ignore', 'ignore_ament_install']
[1.913s] Level 1:colcon.colcon_core.package_identification:_identify(.) by extension 'ignore'
[1.913s] Level 1:colcon.colcon_core.package_identification:_identify(.) by extension 'ignore_ament_install'
[1.914s] Level 1:colcon.colcon_core.package_identification:_identify(.) by extensions ['colcon_pkg']
[1.914s] Level 1:colcon.colcon_core.package_identification:_identify(.) by extension 'colcon_pkg'
[1.914s] Level 1:colcon.colcon_core.package_identification:_identify(.) by extensions ['colcon_meta']
[1.914s] Level 1:colcon.colcon_core.package_identification:_identify(.) by extension 'colcon_meta'
[1.914s] Level 1:colcon.colcon_core.package_identification:_identify(.) by extensions ['ros']
[1.914s] Level 1:colcon.colcon_core.package_identification:_identify(.) by extension 'ros'
[1.966s] DEBUG:colcon.colcon_core.package_identification:Found ROS schema reference in package manifest in '.'
[1.966s] WARNING:colcon.colcon_core.package_identification:Failed to parse ROS package manifest in '.': Error(s) in package './package.xml':
Error(s):
- The generic dependency on 'ros2_control' is redundant with: exec_depend
- The generic dependency on 'ros2_controllers' is redundant with: exec_depend
[1.967s] Level 1:colcon.colcon_core.package_identification:_identify(.) by extensions ['cmake', 'python']
[1.967s] Level 1:colcon.colcon_core.package_identification:_identify(.) by extension 'cmake'
[1.967s] Level 1:colcon.colcon_core.package_identification:_identify(.) by extension 'python'
[1.968s] DEBUG:colcon.colcon_core.package_identification:Python package in '.' passes arguments to the setup() function which requires a different identification extension than 'python'
[1.968s] Level 1:colcon.colcon_core.package_identification:_identify(.) by extensions ['python_setup_py']
[1.968s] Level 1:colcon.colcon_core.package_identification:_identify(.) by extension 'python_setup_py'
[2.646s] DEBUG:colcon.colcon_core.package_identification:Package '.' with type 'python' and name 'prm'
[2.646s] Level 1:colcon.colcon_core.package_discovery:discover_packages(recursive) using defaults
[2.646s] Level 1:colcon.colcon_core.package_discovery:discover_packages(ignore) discover
[2.647s] Level 1:colcon.colcon_core.package_discovery:discover_packages(ignore) using defaults
[2.647s] Level 1:colcon.colcon_core.package_discovery:discover_packages(path) discover
[2.647s] Level 1:colcon.colcon_core.package_discovery:discover_packages(path) using defaults
[2.740s] Level 5:colcon.colcon_core.verb:set package 'prm' build argument 'cmake_args' from command line to '['-DCMAKE_BUILD_TYPE=RelWithDebInfo']'
[2.741s] Level 5:colcon.colcon_core.verb:set package 'prm' build argument 'cmake_target' from command line to 'None'
[2.741s] Level 5:colcon.colcon_core.verb:set package 'prm' build argument 'cmake_target_skip_unavailable' from command line to 'False'
[2.741s] Level 5:colcon.colcon_core.verb:set package 'prm' build argument 'cmake_clean_cache' from command line to 'False'
[2.741s] Level 5:colcon.colcon_core.verb:set package 'prm' build argument 'cmake_clean_first' from command line to 'False'
[2.741s] Level 5:colcon.colcon_core.verb:set package 'prm' build argument 'cmake_force_configure' from command line to 'False'
[2.741s] Level 5:colcon.colcon_core.verb:set package 'prm' build argument 'ament_cmake_args' from command line to 'None'
[2.741s] Level 5:colcon.colcon_core.verb:set package 'prm' build argument 'catkin_cmake_args' from command line to 'None'
[2.742s] Level 5:colcon.colcon_core.verb:set package 'prm' build argument 'catkin_skip_building_tests' from command line to 'False'
[2.742s] DEBUG:colcon.colcon_core.verb:Building package 'prm' with the following arguments: {'ament_cmake_args': None, 'build_base': '/ros2_ws/build/prm', 'catkin_cmake_args': None, 'catkin_skip_building_tests': False, 'cmake_args': ['-DCMAKE_BUILD_TYPE=RelWithDebInfo'], 'cmake_clean_cache': False, 'cmake_clean_first': False, 'cmake_force_configure': False, 'cmake_target': None, 'cmake_target_skip_unavailable': False, 'install_base': '/ros2_ws/install/prm', 'merge_install': False, 'path': '/ros2_ws', 'symlink_install': True, 'test_result_base': None}
[2.742s] INFO:colcon.colcon_core.executor:Executing jobs using 'parallel' executor
[2.745s] DEBUG:colcon.colcon_parallel_executor.executor.parallel:run_until_complete
[2.746s] INFO:colcon.colcon_core.task.python.build:Building Python package in '/ros2_ws'
[2.766s] INFO:colcon.colcon_core.plugin_system:Skipping extension 'colcon_core.shell.bat': Not used on non-Windows systems
[2.767s] INFO:colcon.colcon_core.shell:Skip shell extension 'powershell' for command environment: Not usable outside of PowerShell
[2.767s] DEBUG:colcon.colcon_core.shell:Skip shell extension 'dsv' for command environment
[4.920s] DEBUG:colcon.colcon_core.event_handler.log_command:Invoking command in '/ros2_ws/build/prm': PYTHONPATH=/ros2_ws/build/prm/prefix_override:/usr/lib/python3/dist-packages/colcon_core/task/python/colcon_distutils_commands:/ros2_ws/install/prm/lib/python3.10/site-packages:${PYTHONPATH} /usr/bin/python3 -W ignore:setup.py install is deprecated -W ignore:easy_install command is deprecated setup.py develop --editable --build-directory /ros2_ws/build/prm/build --no-deps symlink_data
[6.338s] Level 1:colcon.colcon_core.shell:create_environment_hook('prm', 'pythonpath_develop')
[6.339s] DEBUG:colcon.colcon_core.event_handler.log_command:Invoked command in '/ros2_ws/build/prm' returned '0': PYTHONPATH=/ros2_ws/build/prm/prefix_override:/usr/lib/python3/dist-packages/colcon_core/task/python/colcon_distutils_commands:/ros2_ws/install/prm/lib/python3.10/site-packages:${PYTHONPATH} /usr/bin/python3 -W ignore:setup.py install is deprecated -W ignore:easy_install command is deprecated setup.py develop --editable --build-directory /ros2_ws/build/prm/build --no-deps symlink_data
[6.340s] INFO:colcon.colcon_core.shell:Creating environment hook '/ros2_ws/build/prm/share/prm/hook/pythonpath_develop.ps1'
[6.348s] INFO:colcon.colcon_core.shell:Creating environment descriptor '/ros2_ws/build/prm/share/prm/hook/pythonpath_develop.dsv'
[6.350s] INFO:colcon.colcon_core.shell:Creating environment hook '/ros2_ws/build/prm/share/prm/hook/pythonpath_develop.sh'
[6.366s] Level 1:colcon.colcon_core.environment:checking '/ros2_ws/install/prm' for CMake module files
[6.368s] Level 1:colcon.colcon_core.environment:checking '/ros2_ws/install/prm' for CMake config files
[6.372s] Level 1:colcon.colcon_core.environment:checking '/ros2_ws/install/prm/lib'
[6.373s] Level 1:colcon.colcon_core.environment:checking '/ros2_ws/install/prm/bin'
[6.373s] Level 1:colcon.colcon_core.environment:checking '/ros2_ws/install/prm/lib/pkgconfig/prm.pc'
[6.374s] Level 1:colcon.colcon_core.environment:checking '/ros2_ws/install/prm/lib/python3.10/site-packages'
[6.374s] Level 1:colcon.colcon_core.shell:create_environment_hook('prm', 'pythonpath')
[6.375s] INFO:colcon.colcon_core.shell:Creating environment hook '/ros2_ws/install/prm/share/prm/hook/pythonpath.ps1'
[6.379s] INFO:colcon.colcon_core.shell:Creating environment descriptor '/ros2_ws/install/prm/share/prm/hook/pythonpath.dsv'
[6.381s] INFO:colcon.colcon_core.shell:Creating environment hook '/ros2_ws/install/prm/share/prm/hook/pythonpath.sh'
[6.383s] Level 1:colcon.colcon_core.environment:checking '/ros2_ws/install/prm/bin'
[6.383s] Level 1:colcon.colcon_core.environment:create_environment_scripts_only(prm)
[6.385s] INFO:colcon.colcon_core.shell:Creating package script '/ros2_ws/install/prm/share/prm/package.ps1'
[6.388s] INFO:colcon.colcon_core.shell:Creating package descriptor '/ros2_ws/install/prm/share/prm/package.dsv'
[6.392s] INFO:colcon.colcon_core.shell:Creating package script '/ros2_ws/install/prm/share/prm/package.sh'
[6.396s] INFO:colcon.colcon_core.shell:Creating package script '/ros2_ws/install/prm/share/prm/package.bash'
[6.401s] INFO:colcon.colcon_core.shell:Creating package script '/ros2_ws/install/prm/share/prm/package.zsh'
[6.405s] Level 1:colcon.colcon_core.environment:create_file_with_runtime_dependencies(/ros2_ws/install/prm/share/colcon-core/packages/prm)
[6.406s] DEBUG:colcon.colcon_parallel_executor.executor.parallel:closing loop
[6.407s] DEBUG:colcon.colcon_parallel_executor.executor.parallel:loop closed
[6.407s] DEBUG:colcon.colcon_parallel_executor.executor.parallel:run_until_complete finished with '0'
[6.408s] DEBUG:colcon.colcon_core.event_reactor:joining thread
[6.472s] INFO:colcon.colcon_core.plugin_system:Skipping extension 'colcon_notification.desktop_notification.notify_send': Could not find 'notify-send'
[6.473s] INFO:colcon.colcon_core.plugin_system:Skipping extension 'colcon_notification.desktop_notification.terminal_notifier': Not used on non-Darwin systems
[6.473s] INFO:colcon.colcon_core.plugin_system:Skipping extension 'colcon_notification.desktop_notification.win32': Not used on non-Windows systems
[6.473s] INFO:colcon.colcon_notification.desktop_notification:Sending desktop notification using 'notify2'
[6.523s] DEBUG:colcon.colcon_notification.desktop_notification.notify2:Failed to initialize notify2: org.freedesktop.DBus.Error.ServiceUnknown: The name org.freedesktop.Notifications was not provided by any .service files
[6.523s] DEBUG:colcon.colcon_core.event_reactor:joined thread
[6.525s] INFO:colcon.colcon_core.shell:Creating prefix script '/ros2_ws/install/local_setup.ps1'
[6.529s] INFO:colcon.colcon_core.shell:Creating prefix util module '/ros2_ws/install/_local_setup_util_ps1.py'
[6.536s] INFO:colcon.colcon_core.shell:Creating prefix chain script '/ros2_ws/install/setup.ps1'
[6.547s] INFO:colcon.colcon_core.shell:Creating prefix script '/ros2_ws/install/local_setup.sh'
[6.552s] INFO:colcon.colcon_core.shell:Creating prefix util module '/ros2_ws/install/_local_setup_util_sh.py'
[6.555s] INFO:colcon.colcon_core.shell:Creating prefix chain script '/ros2_ws/install/setup.sh'
[6.560s] INFO:colcon.colcon_core.shell:Creating prefix script '/ros2_ws/install/local_setup.bash'
[6.562s] INFO:colcon.colcon_core.shell:Creating prefix chain script '/ros2_ws/install/setup.bash'
[6.566s] INFO:colcon.colcon_core.shell:Creating prefix script '/ros2_ws/install/local_setup.zsh'
[6.568s] INFO:colcon.colcon_core.shell:Creating prefix chain script '/ros2_ws/install/setup.zsh'
