[1.569s] Invoking command in '/ros2_ws/build/prm': PYTHONPATH=/ros2_ws/build/prm/prefix_override:/usr/lib/python3/dist-packages/colcon_core/task/python/colcon_distutils_commands:/ros2_ws/install/prm/lib/python3.10/site-packages:${PYTHONPATH} /usr/bin/python3 -W ignore:setup.py install is deprecated -W ignore:easy_install command is deprecated setup.py develop --uninstall --editable --build-directory /ros2_ws/build/prm/build
[2.254s] running develop
[2.607s] Removing /ros2_ws/install/prm/lib/python3.10/site-packages/prm.egg-link (link to .)
[2.674s] Invoked command in '/ros2_ws/build/prm' returned '0': PYTHONPATH=/ros2_ws/build/prm/prefix_override:/usr/lib/python3/dist-packages/colcon_core/task/python/colcon_distutils_commands:/ros2_ws/install/prm/lib/python3.10/site-packages:${PYTHONPATH} /usr/bin/python3 -W ignore:setup.py install is deprecated -W ignore:easy_install command is deprecated setup.py develop --uninstall --editable --build-directory /ros2_ws/build/prm/build
[2.678s] Invoking command in '/ros2_ws': PYTHONPATH=/ros2_ws/build/prm/prefix_override:/usr/lib/python3/dist-packages/colcon_core/task/python/colcon_distutils_commands:/ros2_ws/install/prm/lib/python3.10/site-packages:${PYTHONPATH} /usr/bin/python3 -W ignore:setup.py install is deprecated -W ignore:easy_install command is deprecated setup.py egg_info --egg-base build/prm build --build-base /ros2_ws/build/prm/build install --record /ros2_ws/build/prm/install.log --single-version-externally-managed install_data --force
[3.283s] running egg_info
[3.285s] writing build/prm/prm.egg-info/PKG-INFO
[3.285s] writing dependency_links to build/prm/prm.egg-info/dependency_links.txt
[3.286s] writing entry points to build/prm/prm.egg-info/entry_points.txt
[3.286s] writing requirements to build/prm/prm.egg-info/requires.txt
[3.286s] writing top-level names to build/prm/prm.egg-info/top_level.txt
[3.292s] reading manifest file 'build/prm/prm.egg-info/SOURCES.txt'
[3.293s] adding license file 'LICENSE'
[3.296s] writing manifest file 'build/prm/prm.egg-info/SOURCES.txt'
[3.296s] running build
[3.296s] running build_py
[3.297s] creating /ros2_ws/build/prm/build
[3.297s] creating /ros2_ws/build/prm/build/lib
[3.298s] creating /ros2_ws/build/prm/build/lib/prm
[3.298s] copying prm/controle_robo.py -> /ros2_ws/build/prm/build/lib/prm
[3.298s] copying prm/robo_mapper.py -> /ros2_ws/build/prm/build/lib/prm
[3.299s] copying prm/controle_tartaruga.py -> /ros2_ws/build/prm/build/lib/prm
[3.299s] copying prm/__init__.py -> /ros2_ws/build/prm/build/lib/prm
[3.300s] copying prm/ground_truth_odometry.py -> /ros2_ws/build/prm/build/lib/prm
[3.300s] running install
[3.301s] running install_lib
[3.304s] creating /ros2_ws/install/prm/lib/python3.10/site-packages/prm
[3.304s] copying /ros2_ws/build/prm/build/lib/prm/controle_robo.py -> /ros2_ws/install/prm/lib/python3.10/site-packages/prm
[3.304s] copying /ros2_ws/build/prm/build/lib/prm/robo_mapper.py -> /ros2_ws/install/prm/lib/python3.10/site-packages/prm
[3.305s] copying /ros2_ws/build/prm/build/lib/prm/controle_tartaruga.py -> /ros2_ws/install/prm/lib/python3.10/site-packages/prm
[3.305s] copying /ros2_ws/build/prm/build/lib/prm/__init__.py -> /ros2_ws/install/prm/lib/python3.10/site-packages/prm
[3.305s] copying /ros2_ws/build/prm/build/lib/prm/ground_truth_odometry.py -> /ros2_ws/install/prm/lib/python3.10/site-packages/prm
[3.307s] byte-compiling /ros2_ws/install/prm/lib/python3.10/site-packages/prm/controle_robo.py to controle_robo.cpython-310.pyc
[3.310s] byte-compiling /ros2_ws/install/prm/lib/python3.10/site-packages/prm/robo_mapper.py to robo_mapper.cpython-310.pyc
[3.313s] byte-compiling /ros2_ws/install/prm/lib/python3.10/site-packages/prm/controle_tartaruga.py to controle_tartaruga.cpython-310.pyc
[3.314s] byte-compiling /ros2_ws/install/prm/lib/python3.10/site-packages/prm/__init__.py to __init__.cpython-310.pyc
[3.315s] byte-compiling /ros2_ws/install/prm/lib/python3.10/site-packages/prm/ground_truth_odometry.py to ground_truth_odometry.cpython-310.pyc
[3.316s] running install_data
[3.317s] copying resource/prm -> /ros2_ws/install/prm/share/ament_index/resource_index/packages
[3.317s] copying package.xml -> /ros2_ws/install/prm/share/prm
[3.318s] copying launch/turtlesim_mimic.launch.py -> /ros2_ws/install/prm/share/prm/launch
[3.318s] copying launch/carrega_robo.launch.py -> /ros2_ws/install/prm/share/prm/launch
[3.318s] copying launch/editar_mundo.launch.py -> /ros2_ws/install/prm/share/prm/launch
[3.319s] copying launch/inicia_simulacao.launch.py -> /ros2_ws/install/prm/share/prm/launch
[3.320s] copying launch/teste_urdf.launch.py -> /ros2_ws/install/prm/share/prm/launch
[3.320s] copying description/robot.urdf.xacro -> /ros2_ws/install/prm/share/prm/description
[3.321s] copying rviz/rviz_config.rviz -> /ros2_ws/install/prm/share/prm/rviz
[3.322s] copying rviz/urdf.rviz -> /ros2_ws/install/prm/share/prm/rviz
[3.322s] copying config/controller_config.yaml -> /ros2_ws/install/prm/share/prm/config
[3.323s] copying models/Paredes/model.config -> /ros2_ws/install/prm/share/prm/models/Paredes
[3.323s] copying models/Paredes/paredes.xacro.sdf -> /ros2_ws/install/prm/share/prm/models/Paredes
[3.324s] copying models/Paredes/model.sdf -> /ros2_ws/install/prm/share/prm/models/Paredes
[3.325s] copying models/ObstaculosCilindricos/model.config -> /ros2_ws/install/prm/share/prm/models/ObstaculosCilindricos
[3.325s] copying models/ObstaculosCilindricos/objetos_cilindrocos.xacro.sdf -> /ros2_ws/install/prm/share/prm/models/ObstaculosCilindricos
[3.326s] copying models/ObstaculosCilindricos/model.sdf -> /ros2_ws/install/prm/share/prm/models/ObstaculosCilindricos
[3.327s] copying models/TurtlebotArena/model.config -> /ros2_ws/install/prm/share/prm/models/TurtlebotArena
[3.328s] copying models/TurtlebotArena/model.sdf -> /ros2_ws/install/prm/share/prm/models/TurtlebotArena
[3.328s] copying models/TurtlebotArena/meshes/hexagon.dae -> /ros2_ws/install/prm/share/prm/models/TurtlebotArena/meshes
[3.329s] copying models/TurtlebotArena/meshes/wall.dae -> /ros2_ws/install/prm/share/prm/models/TurtlebotArena/meshes
[3.329s] copying models/ObstaculosArenaV1/model.config -> /ros2_ws/install/prm/share/prm/models/ObstaculosArenaV1
[3.330s] copying models/ObstaculosArenaV1/model.sdf -> /ros2_ws/install/prm/share/prm/models/ObstaculosArenaV1
[3.330s] copying world/empty.world -> /ros2_ws/install/prm/share/prm/world/
[3.331s] copying world/arena_cilindros.sdf.xacro -> /ros2_ws/install/prm/share/prm/world/
[3.331s] copying world/arena.sdf -> /ros2_ws/install/prm/share/prm/world/
[3.332s] copying world/arena_paredes.sdf.xacro -> /ros2_ws/install/prm/share/prm/world/
[3.333s] copying world/empty.sdf -> /ros2_ws/install/prm/share/prm/world/
[3.333s] copying world/empty_arena.sdf.xacro -> /ros2_ws/install/prm/share/prm/world/
[3.334s] copying world/arena_cilindros.sdf -> /ros2_ws/install/prm/share/prm/world/
[3.335s] copying world/arena_paredes.sdf -> /ros2_ws/install/prm/share/prm/world/
[3.335s] copying world/empty_arena.sdf -> /ros2_ws/install/prm/share/prm/world/
[3.336s] running install_egg_info
[3.342s] Copying build/prm/prm.egg-info to /ros2_ws/install/prm/lib/python3.10/site-packages/prm-0.0.0-py3.10.egg-info
[3.345s] running install_scripts
[3.394s] Installing controle_robo script to /ros2_ws/install/prm/lib/prm
[3.395s] Installing ground_truth_odometry script to /ros2_ws/install/prm/lib/prm
[3.395s] Installing robo_mapper script to /ros2_ws/install/prm/lib/prm
[3.395s] Installing tartaruga script to /ros2_ws/install/prm/lib/prm
[3.396s] writing list of installed files to '/ros2_ws/build/prm/install.log'
[3.447s] Invoked command in '/ros2_ws' returned '0': PYTHONPATH=/ros2_ws/build/prm/prefix_override:/usr/lib/python3/dist-packages/colcon_core/task/python/colcon_distutils_commands:/ros2_ws/install/prm/lib/python3.10/site-packages:${PYTHONPATH} /usr/bin/python3 -W ignore:setup.py install is deprecated -W ignore:easy_install command is deprecated setup.py egg_info --egg-base build/prm build --build-base /ros2_ws/build/prm/build install --record /ros2_ws/build/prm/install.log --single-version-externally-managed install_data --force
